# JRE version: OpenJDK Runtime Environment Temurin-17.0.4+8 (17.0.4+8) (build 17.0.4+8)
# Java VM: OpenJDK 64-Bit Server VM Temurin-17.0.4+8 (17.0.4+8, mixed mode, tiered, compressed oops, compressed class ptrs, parallel gc, windows-amd64)
GC Precious Log:
 CPUs: 4 total, 4 available
 Memory: 2964M
 Large Page Support: Disabled
 NUMA Support: Disabled
 Compressed Oops: Enabled (32-bit)
 Alignments: Space 512K, Generation 512K, Heap 2M
 Heap Min Capacity: 100M
 Heap Initial Capacity: 100M
 Heap Max Capacity: 1G
 Pre-touch: Disabled
 Parallel Workers: 4
Heap:
 PSYoungGen      total 6144K, used 2560K [0x00000000eab00000, 0x00000000edf00000, 0x0000000100000000)
  eden space 3584K, 0% used [0x00000000eab00000,0x00000000eab00000,0x00000000eae80000)
  from space 2560K, 100% used [0x00000000ebf80000,0x00000000ec200000,0x00000000ec200000)
  to   space 17408K, 0% used [0x00000000eae80000,0x00000000eae80000,0x00000000ebf80000)
 ParOldGen       total 90112K, used 89977K [0x00000000c0000000, 0x00000000c5800000, 0x00000000eab00000)
  object space 90112K, 99% used [0x00000000c0000000,0x00000000c57de5c8,0x00000000c5800000)
 Metaspace       used 63242K, committed 64128K, reserved 1114112K
  class space    used 6586K, committed 6912K, reserved 1048576K
GC Heap History (20 events):
Event: 131.397 GC heap after
{Heap after GC invocations=28 (full 2):
 PSYoungGen      total 21504K, used 2155K [0x00000000eab00000, 0x00000000ec280000, 0x0000000100000000)
  eden space 18944K, 0% used [0x00000000eab00000,0x00000000eab00000,0x00000000ebd80000)
  from space 2560K, 84% used [0x00000000ec000000,0x00000000ec21add0,0x00000000ec280000)
  to   space 2560K, 0% used [0x00000000ebd80000,0x00000000ebd80000,0x00000000ec000000)
 ParOldGen       total 68608K, used 35528K [0x00000000c0000000, 0x00000000c4300000, 0x00000000eab00000)
  object space 68608K, 51% used [0x00000000c0000000,0x00000000c22b2170,0x00000000c4300000)
 Metaspace       used 58987K, committed 59776K, reserved 1105920K
  class space    used 6224K, committed 6592K, reserved 1048576K
}
Event: 131.397 GC heap before
{Heap before GC invocations=29 (full 3):
 PSYoungGen      total 21504K, used 2155K [0x00000000eab00000, 0x00000000ec280000, 0x0000000100000000)
  eden space 18944K, 0% used [0x00000000eab00000,0x00000000eab00000,0x00000000ebd80000)
  from space 2560K, 84% used [0x00000000ec000000,0x00000000ec21add0,0x00000000ec280000)
  to   space 2560K, 0% used [0x00000000ebd80000,0x00000000ebd80000,0x00000000ec000000)
 ParOldGen       total 68608K, used 35528K [0x00000000c0000000, 0x00000000c4300000, 0x00000000eab00000)
  object space 68608K, 51% used [0x00000000c0000000,0x00000000c22b2170,0x00000000c4300000)
 Metaspace       used 58987K, committed 59776K, reserved 1105920K
  class space    used 6224K, committed 6592K, reserved 1048576K
}
Event: 131.518 GC heap after
{Heap after GC invocations=29 (full 3):
 PSYoungGen      total 21504K, used 0K [0x00000000eab00000, 0x00000000ec280000, 0x0000000100000000)
  eden space 18944K, 0% used [0x00000000eab00000,0x00000000eab00000,0x00000000ebd80000)
  from space 2560K, 0% used [0x00000000ec000000,0x00000000ec000000,0x00000000ec280000)
  to   space 2560K, 0% used [0x00000000ebd80000,0x00000000ebd80000,0x00000000ec000000)
 ParOldGen       total 68608K, used 34148K [0x00000000c0000000, 0x00000000c4300000, 0x00000000eab00000)
  object space 68608K, 49% used [0x00000000c0000000,0x00000000c2159168,0x00000000c4300000)
 Metaspace       used 58987K, committed 59776K, reserved 1105920K
  class space    used 6224K, committed 6592K, reserved 1048576K
}
Event: 132.491 GC heap before
{Heap before GC invocations=30 (full 3):
 PSYoungGen      total 21504K, used 17779K [0x00000000eab00000, 0x00000000ec280000, 0x0000000100000000)
  eden space 18944K, 93% used [0x00000000eab00000,0x00000000ebc5ce58,0x00000000ebd80000)
  from space 2560K, 0% used [0x00000000ec000000,0x00000000ec000000,0x00000000ec280000)
  to   space 2560K, 0% used [0x00000000ebd80000,0x00000000ebd80000,0x00000000ec000000)
 ParOldGen       total 68608K, used 34148K [0x00000000c0000000, 0x00000000c4300000, 0x00000000eab00000)
  object space 68608K, 49% used [0x00000000c0000000,0x00000000c2159168,0x00000000c4300000)
 Metaspace       used 59319K, committed 60096K, reserved 1105920K
  class space    used 6246K, committed 6592K, reserved 1048576K
}
Event: 132.494 GC heap after
{Heap after GC invocations=30 (full 3):
 PSYoungGen      total 19968K, used 896K [0x00000000eab00000, 0x00000000ec080000, 0x0000000100000000)
  eden space 18944K, 0% used [0x00000000eab00000,0x00000000eab00000,0x00000000ebd80000)
  from space 1024K, 87% used [0x00000000ebd80000,0x00000000ebe60000,0x00000000ebe80000)
  to   space 1536K, 0% used [0x00000000ebf00000,0x00000000ebf00000,0x00000000ec080000)
 ParOldGen       total 68608K, used 34156K [0x00000000c0000000, 0x00000000c4300000, 0x00000000eab00000)
  object space 68608K, 49% used [0x00000000c0000000,0x00000000c215b168,0x00000000c4300000)
 Metaspace       used 59319K, committed 60096K, reserved 1105920K
  class space    used 6246K, committed 6592K, reserved 1048576K
}
Event: 133.631 GC heap before
{Heap before GC invocations=31 (full 3):
 PSYoungGen      total 19968K, used 19840K [0x00000000eab00000, 0x00000000ec080000, 0x0000000100000000)
  eden space 18944K, 100% used [0x00000000eab00000,0x00000000ebd80000,0x00000000ebd80000)
  from space 1024K, 87% used [0x00000000ebd80000,0x00000000ebe60000,0x00000000ebe80000)
  to   space 1536K, 0% used [0x00000000ebf00000,0x00000000ebf00000,0x00000000ec080000)
 ParOldGen       total 68608K, used 34156K [0x00000000c0000000, 0x00000000c4300000, 0x00000000eab00000)
  object space 68608K, 49% used [0x00000000c0000000,0x00000000c215b168,0x00000000c4300000)
 Metaspace       used 60211K, committed 61056K, reserved 1105920K
  class space    used 6292K, committed 6656K, reserved 1048576K
}
Event: 133.634 GC heap after
{Heap after GC invocations=31 (full 3):
 PSYoungGen      total 20480K, used 1407K [0x00000000eab00000, 0x00000000ec080000, 0x0000000100000000)
  eden space 18944K, 0% used [0x00000000eab00000,0x00000000eab00000,0x00000000ebd80000)
  from space 1536K, 91% used [0x00000000ebf00000,0x00000000ec05fcb8,0x00000000ec080000)
  to   space 1536K, 0% used [0x00000000ebd80000,0x00000000ebd80000,0x00000000ebf00000)
 ParOldGen       total 68608K, used 35015K [0x00000000c0000000, 0x00000000c4300000, 0x00000000eab00000)
  object space 68608K, 51% used [0x00000000c0000000,0x00000000c2231fe8,0x00000000c4300000)
 Metaspace       used 60211K, committed 61056K, reserved 1105920K
  class space    used 6292K, committed 6656K, reserved 1048576K
}
Event: 139.143 GC heap before
{Heap before GC invocations=32 (full 3):
 PSYoungGen      total 20480K, used 20351K [0x00000000eab00000, 0x00000000ec080000, 0x0000000100000000)
  eden space 18944K, 100% used [0x00000000eab00000,0x00000000ebd80000,0x00000000ebd80000)
  from space 1536K, 91% used [0x00000000ebf00000,0x00000000ec05fcb8,0x00000000ec080000)
  to   space 1536K, 0% used [0x00000000ebd80000,0x00000000ebd80000,0x00000000ebf00000)
 ParOldGen       total 68608K, used 35015K [0x00000000c0000000, 0x00000000c4300000, 0x00000000eab00000)
  object space 68608K, 51% used [0x00000000c0000000,0x00000000c2231fe8,0x00000000c4300000)
 Metaspace       used 60636K, committed 61440K, reserved 1105920K
  class space    used 6312K, committed 6720K, reserved 1048576K
}
Event: 139.146 GC heap after
{Heap after GC invocations=32 (full 3):
 PSYoungGen      total 19456K, used 384K [0x00000000eab00000, 0x00000000ebf80000, 0x0000000100000000)
  eden space 18944K, 0% used [0x00000000eab00000,0x00000000eab00000,0x00000000ebd80000)
  from space 512K, 75% used [0x00000000ebd80000,0x00000000ebde0000,0x00000000ebe00000)
  to   space 1024K, 0% used [0x00000000ebe80000,0x00000000ebe80000,0x00000000ebf80000)
 ParOldGen       total 68608K, used 36388K [0x00000000c0000000, 0x00000000c4300000, 0x00000000eab00000)
  object space 68608K, 53% used [0x00000000c0000000,0x00000000c2389250,0x00000000c4300000)
 Metaspace       used 60636K, committed 61440K, reserved 1105920K
  class space    used 6312K, committed 6720K, reserved 1048576K
}
Event: 145.161 GC heap before
{Heap before GC invocations=33 (full 3):
 PSYoungGen      total 19456K, used 19328K [0x00000000eab00000, 0x00000000ebf80000, 0x0000000100000000)
  eden space 18944K, 100% used [0x00000000eab00000,0x00000000ebd80000,0x00000000ebd80000)
  from space 512K, 75% used [0x00000000ebd80000,0x00000000ebde0000,0x00000000ebe00000)
  to   space 1024K, 0% used [0x00000000ebe80000,0x00000000ebe80000,0x00000000ebf80000)
 ParOldGen       total 68608K, used 36388K [0x00000000c0000000, 0x00000000c4300000, 0x00000000eab00000)
  object space 68608K, 53% used [0x00000000c0000000,0x00000000c2389250,0x00000000c4300000)
 Metaspace       used 60872K, committed 61696K, reserved 1105920K
  class space    used 6317K, committed 6720K, reserved 1048576K
}
Event: 145.162 GC heap after
{Heap after GC invocations=33 (full 3):
 PSYoungGen      total 19968K, used 656K [0x00000000eab00000, 0x00000000ebf80000, 0x0000000100000000)
  eden space 18944K, 0% used [0x00000000eab00000,0x00000000eab00000,0x00000000ebd80000)
  from space 1024K, 64% used [0x00000000ebe80000,0x00000000ebf24010,0x00000000ebf80000)
  to   space 1024K, 0% used [0x00000000ebd80000,0x00000000ebd80000,0x00000000ebe80000)
 ParOldGen       total 68608K, used 36588K [0x00000000c0000000, 0x00000000c4300000, 0x00000000eab00000)
  object space 68608K, 53% used [0x00000000c0000000,0x00000000c23bb250,0x00000000c4300000)
 Metaspace       used 60872K, committed 61696K, reserved 1105920K
  class space    used 6317K, committed 6720K, reserved 1048576K
}
Event: 146.218 GC heap before
{Heap before GC invocations=34 (full 3):
 PSYoungGen      total 19968K, used 19600K [0x00000000eab00000, 0x00000000ebf80000, 0x0000000100000000)
  eden space 18944K, 100% used [0x00000000eab00000,0x00000000ebd80000,0x00000000ebd80000)
  from space 1024K, 64% used [0x00000000ebe80000,0x00000000ebf24010,0x00000000ebf80000)
  to   space 1024K, 0% used [0x00000000ebd80000,0x00000000ebd80000,0x00000000ebe80000)
 ParOldGen       total 68608K, used 36588K [0x00000000c0000000, 0x00000000c4300000, 0x00000000eab00000)
  object space 68608K, 53% used [0x00000000c0000000,0x00000000c23bb250,0x00000000c4300000)
 Metaspace       used 61375K, committed 62208K, reserved 1105920K
  class space    used 6343K, committed 6720K, reserved 1048576K
}
Event: 146.222 GC heap after
{Heap after GC invocations=34 (full 3):
 PSYoungGen      total 19968K, used 1003K [0x00000000eab00000, 0x00000000ec280000, 0x0000000100000000)
  eden space 18944K, 0% used [0x00000000eab00000,0x00000000eab00000,0x00000000ebd80000)
  from space 1024K, 98% used [0x00000000ebd80000,0x00000000ebe7af48,0x00000000ebe80000)
  to   space 2560K, 0% used [0x00000000ec000000,0x00000000ec000000,0x00000000ec280000)
 ParOldGen       total 68608K, used 37595K [0x00000000c0000000, 0x00000000c4300000, 0x00000000eab00000)
  object space 68608K, 54% used [0x00000000c0000000,0x00000000c24b6ef8,0x00000000c4300000)
 Metaspace       used 61375K, committed 62208K, reserved 1105920K
  class space    used 6343K, committed 6720K, reserved 1048576K
}
Event: 148.372 GC heap before
{Heap before GC invocations=35 (full 3):
 PSYoungGen      total 19968K, used 19885K [0x00000000eab00000, 0x00000000ec280000, 0x0000000100000000)
  eden space 18944K, 99% used [0x00000000eab00000,0x00000000ebd70790,0x00000000ebd80000)
  from space 1024K, 98% used [0x00000000ebd80000,0x00000000ebe7af48,0x00000000ebe80000)
  to   space 2560K, 0% used [0x00000000ec000000,0x00000000ec000000,0x00000000ec280000)
 ParOldGen       total 68608K, used 37595K [0x00000000c0000000, 0x00000000c4300000, 0x00000000eab00000)
  object space 68608K, 54% used [0x00000000c0000000,0x00000000c24b6ef8,0x00000000c4300000)
 Metaspace       used 62942K, committed 63808K, reserved 1114112K
  class space    used 6558K, committed 6912K, reserved 1048576K
}
Event: 148.377 GC heap after
{Heap after GC invocations=35 (full 3):
 PSYoungGen      total 20992K, used 2437K [0x00000000eab00000, 0x00000000ec380000, 0x0000000100000000)
  eden space 18432K, 0% used [0x00000000eab00000,0x00000000eab00000,0x00000000ebd00000)
  from space 2560K, 95% used [0x00000000ec000000,0x00000000ec261518,0x00000000ec280000)
  to   space 3072K, 0% used [0x00000000ebd00000,0x00000000ebd00000,0x00000000ec000000)
 ParOldGen       total 68608K, used 39788K [0x00000000c0000000, 0x00000000c4300000, 0x00000000eab00000)
  object space 68608K, 57% used [0x00000000c0000000,0x00000000c26db008,0x00000000c4300000)
 Metaspace       used 62942K, committed 63808K, reserved 1114112K
  class space    used 6558K, committed 6912K, reserved 1048576K
}
Event: 148.479 GC heap before
{Heap before GC invocations=36 (full 3):
 PSYoungGen      total 20992K, used 20869K [0x00000000eab00000, 0x00000000ec380000, 0x0000000100000000)
  eden space 18432K, 100% used [0x00000000eab00000,0x00000000ebd00000,0x00000000ebd00000)
  from space 2560K, 95% used [0x00000000ec000000,0x00000000ec261518,0x00000000ec280000)
  to   space 3072K, 0% used [0x00000000ebd00000,0x00000000ebd00000,0x00000000ec000000)
 ParOldGen       total 79872K, used 77126K [0x00000000c0000000, 0x00000000c4e00000, 0x00000000eab00000)
  object space 79872K, 96% used [0x00000000c0000000,0x00000000c4b51b58,0x00000000c4e00000)
 Metaspace       used 63052K, committed 63936K, reserved 1114112K
  class space    used 6565K, committed 6912K, reserved 1048576K
}
Event: 148.484 GC heap after
{Heap after GC invocations=36 (full 3):
 PSYoungGen      total 20992K, used 2443K [0x00000000eab00000, 0x00000000ec200000, 0x0000000100000000)
  eden space 18432K, 0% used [0x00000000eab00000,0x00000000eab00000,0x00000000ebd00000)
  from space 2560K, 95% used [0x00000000ebd00000,0x00000000ebf62cb0,0x00000000ebf80000)
  to   space 2560K, 0% used [0x00000000ebf80000,0x00000000ebf80000,0x00000000ec200000)
 ParOldGen       total 79872K, used 77681K [0x00000000c0000000, 0x00000000c4e00000, 0x00000000eab00000)
  object space 79872K, 97% used [0x00000000c0000000,0x00000000c4bdc5c8,0x00000000c4e00000)
 Metaspace       used 63052K, committed 63936K, reserved 1114112K
  class space    used 6565K, committed 6912K, reserved 1048576K
}
Event: 148.555 GC heap before
{Heap before GC invocations=37 (full 3):
 PSYoungGen      total 20992K, used 20875K [0x00000000eab00000, 0x00000000ec200000, 0x0000000100000000)
  eden space 18432K, 100% used [0x00000000eab00000,0x00000000ebd00000,0x00000000ebd00000)
  from space 2560K, 95% used [0x00000000ebd00000,0x00000000ebf62cb0,0x00000000ebf80000)
  to   space 2560K, 0% used [0x00000000ebf80000,0x00000000ebf80000,0x00000000ec200000)
 ParOldGen       total 79872K, used 77681K [0x00000000c0000000, 0x00000000c4e00000, 0x00000000eab00000)
  object space 79872K, 97% used [0x00000000c0000000,0x00000000c4bdc5c8,0x00000000c4e00000)
 Metaspace       used 63242K, committed 64128K, reserved 1114112K
  class space    used 6586K, committed 6912K, reserved 1048576K
}
Event: 148.578 GC heap after
{Heap after GC invocations=37 (full 3):
 PSYoungGen      total 6144K, used 2560K [0x00000000eab00000, 0x00000000edf00000, 0x0000000100000000)
  eden space 3584K, 0% used [0x00000000eab00000,0x00000000eab00000,0x00000000eae80000)
  from space 2560K, 100% used [0x00000000ebf80000,0x00000000ec200000,0x00000000ec200000)
  to   space 17408K, 0% used [0x00000000eae80000,0x00000000eae80000,0x00000000ebf80000)
 ParOldGen       total 90112K, used 89977K [0x00000000c0000000, 0x00000000c5800000, 0x00000000eab00000)
  object space 90112K, 99% used [0x00000000c0000000,0x00000000c57de5c8,0x00000000c5800000)
 Metaspace       used 63242K, committed 64128K, reserved 1114112K
  class space    used 6586K, committed 6912K, reserved 1048576K
}
Event: 148.578 GC heap before
{Heap before GC invocations=38 (full 4):
 PSYoungGen      total 6144K, used 2560K [0x00000000eab00000, 0x00000000edf00000, 0x0000000100000000)
  eden space 3584K, 0% used [0x00000000eab00000,0x00000000eab00000,0x00000000eae80000)
  from space 2560K, 100% used [0x00000000ebf80000,0x00000000ec200000,0x00000000ec200000)
  to   space 17408K, 0% used [0x00000000eae80000,0x00000000eae80000,0x00000000ebf80000)
 ParOldGen       total 90112K, used 89977K [0x00000000c0000000, 0x00000000c5800000, 0x00000000eab00000)
  object space 90112K, 99% used [0x00000000c0000000,0x00000000c57de5c8,0x00000000c5800000)
 Metaspace       used 63242K, committed 64128K, reserved 1114112K
  class space    used 6586K, committed 6912K, reserved 1048576K
}

